# Server version 0.08 running on 192.168.2.190:8123
# Game ID: 130
# Board class: pentago_twist.PentagoBoard
# Timeout: 20000
# First Move Timeout: 30000
# Date: Tue Apr 13 13:42:25 EDT 2021
# Player 1: Player-0, 'AlphaBeta', running on localhost
# Player 2: Player-1, 'RandomPlayer', running on localhost
START Player-0 AlphaBeta
START Player-1 RandomPlayer
1 1 2 1 0
2 5 0 1 1
4 4 2 0 0
5 3 3 1 1
1 2 2 0 0
5 0 2 1 1
3 5 1 0 0
2 5 1 0 1
0 0 2 0 0
1 0 2 0 1
5 3 2 1 0
4 0 2 1 1
2 2 2 0 0
3 3 3 1 1
GAMEOVER WINNER 0
# Game ended: Tue Apr 13 13:42:33 EDT 2021
