# Server version 0.08 running on 192.168.2.190:8123
# Game ID: 193
# Board class: pentago_twist.PentagoBoard
# Timeout: 20000
# First Move Timeout: 30000
# Date: Mon Apr 12 21:46:16 EDT 2021
# Player 1: Player-0, 'RandomPlayer', running on localhost
# Player 2: Player-1, 'AlphaBeta', running on localhost
START Player-0 RandomPlayer
START Player-1 AlphaBeta
5 1 0 1 0
1 1 1 1 1
4 0 0 0 0
4 4 3 0 1
3 3 2 0 0
2 3 3 1 1
3 2 2 0 0
5 5 2 1 1
0 5 2 0 0
3 3 3 0 1
0 4 1 0 0
4 0 3 0 1
1 3 0 1 0
2 1 1 0 1
3 5 0 0 0
4 1 3 1 1
5 0 1 1 0
2 1 1 0 1
0 1 2 0 0
5 4 1 1 1
1 4 2 1 0
3 4 0 0 1
0 4 3 1 0
5 2 0 1 1
2 3 3 0 0
0 5 1 1 1
2 0 0 1 0
0 2 1 1 1
4 2 3 1 0
3 4 0 0 1
GAMEOVER WINNER 1
# Game ended: Mon Apr 12 21:46:46 EDT 2021
