# Server version 0.08 running on 192.168.2.190:8123
# Game ID: 11
# Board class: pentago_twist.PentagoBoard
# Timeout: 20000
# First Move Timeout: 30000
# Date: Mon Apr 12 17:18:51 EDT 2021
# Player 1: Player-0, 'RandomPlayer', running on localhost
# Player 2: Player-1, 'AlphaBeta', running on localhost
START Player-0 RandomPlayer
START Player-1 AlphaBeta
3 3 0 0 0
4 4 0 0 1
0 0 0 1 0
4 1 1 0 1
4 2 2 0 0
1 4 3 0 1
3 0 2 1 0
4 2 2 0 1
3 4 1 1 0
3 1 2 1 1
2 1 0 1 0
4 3 2 0 1
GAMEOVER WINNER 1
# Game ended: Mon Apr 12 17:19:00 EDT 2021
