# Server version 0.08 running on 192.168.2.190:8123
# Game ID: 5
# Board class: pentago_twist.PentagoBoard
# Timeout: 20000
# First Move Timeout: 30000
# Date: Mon Apr 12 21:00:19 EDT 2021
# Player 1: Player-0, 'RandomPlayer', running on localhost
# Player 2: Player-1, 'AlphaBeta', running on localhost
START Player-0 RandomPlayer
START Player-1 AlphaBeta
0 0 0 0 0
1 1 0 0 1
5 4 2 1 0
4 4 0 0 1
1 3 1 0 0
4 1 3 1 1
0 2 2 1 0
0 3 1 0 1
3 2 0 1 0
1 0 1 0 1
1 3 1 1 0
2 1 1 0 1
1 5 2 1 0
0 4 3 0 1
3 5 0 1 0
5 1 0 1 1
0 5 1 1 0
3 1 1 0 1
GAMEOVER WINNER 1
# Game ended: Mon Apr 12 21:00:27 EDT 2021
