# Server version 0.08 running on localhost:8123
# Game ID: 80
# Board class: pentago_twist.PentagoBoard
# Timeout: 20000
# First Move Timeout: 30000
# Date: Tue Apr 13 13:13:38 EDT 2021
# Player 1: Player-0, 'AlphaBeta', running on localhost
# Player 2: Player-1, 'RandomPlayer', running on localhost
START Player-0 AlphaBeta
START Player-1 RandomPlayer
1 1 1 1 0
3 2 3 0 1
4 1 3 1 0
4 4 0 1 1
3 1 1 0 0
1 2 1 0 1
0 1 2 1 0
5 4 3 1 1
2 1 2 1 0
GAMEOVER WINNER 0
# Game ended: Tue Apr 13 13:13:41 EDT 2021
