# Server version 0.08 running on localhost:8123
# Game ID: 69
# Board class: pentago_twist.PentagoBoard
# Timeout: 20000
# First Move Timeout: 30000
# Date: Tue Apr 13 14:24:39 EDT 2021
# Player 1: Player-0, 'RandomPlayer', running on localhost
# Player 2: Player-1, 'AlphaBeta', running on localhost
START Player-0 RandomPlayer
START Player-1 AlphaBeta
4 5 0 0 0
4 4 1 0 1
4 3 3 1 0
4 1 1 0 1
5 5 1 0 0
5 2 2 1 1
3 1 3 0 0
0 4 3 1 1
2 4 1 0 0
5 1 1 0 1
1 5 0 0 0
4 0 0 0 1
5 2 0 1 0
4 3 2 0 1
0 3 0 1 0
2 3 2 1 1
5 3 0 0 0
3 3 2 0 1
0 1 1 0 0
4 0 1 1 1
GAMEOVER WINNER 1
# Game ended: Tue Apr 13 14:24:54 EDT 2021
