# Server version 0.08 running on localhost:8123
# Game ID: 47
# Board class: pentago_twist.PentagoBoard
# Timeout: 20000
# First Move Timeout: 30000
# Date: Mon Apr 12 16:38:41 EDT 2021
# Player 1: Player-0, 'RandomPlayer', running on localhost
# Player 2: Player-1, 'AlphaBeta', running on localhost
START Player-0 RandomPlayer
START Player-1 AlphaBeta
2 0 0 0 0
1 4 2 1 1
2 4 2 1 0
4 1 0 0 1
0 5 2 1 0
4 3 3 1 1
3 1 0 1 0
4 4 3 0 1
3 3 0 1 0
5 2 2 0 1
4 5 2 1 0
3 0 2 1 1
4 0 0 0 0
2 3 3 1 1
GAMEOVER WINNER 1
# Game ended: Mon Apr 12 16:38:47 EDT 2021
