# Server version 0.08 running on 192.168.2.190:8123
# Game ID: 160
# Board class: pentago_twist.PentagoBoard
# Timeout: 20000
# First Move Timeout: 30000
# Date: Tue Apr 13 11:23:18 EDT 2021
# Player 1: Player-0, 'AlphaBeta', running on localhost
# Player 2: Player-1, 'RandomPlayer', running on localhost
START Player-0 AlphaBeta
START Player-1 RandomPlayer
1 1 0 0 0
1 0 1 0 1
4 1 3 0 0
1 4 3 0 1
1 2 1 1 0
3 4 0 1 1
2 2 0 1 0
4 4 0 1 1
4 0 1 1 0
4 3 0 0 1
1 5 2 0 0
3 5 1 1 1
5 1 0 0 0
3 0 1 0 1
1 5 3 0 0
5 2 2 0 1
3 5 3 0 0
5 1 3 0 1
3 5 2 0 0
5 5 3 1 1
2 0 3 0 0
0 1 0 1 1
3 4 0 1 0
5 0 2 1 1
4 5 1 1 0
0 3 1 1 1
0 3 1 0 0
0 3 2 0 1
3 1 2 0 0
2 3 0 1 1
5 2 0 0 0
0 0 0 0 1
GAMEOVER WINNER 1
# Game ended: Tue Apr 13 11:23:31 EDT 2021
