# Server version 0.08 running on localhost:8123
# Game ID: 89
# Board class: pentago_twist.PentagoBoard
# Timeout: 20000
# First Move Timeout: 30000
# Date: Tue Apr 13 13:15:54 EDT 2021
# Player 1: Player-0, 'RandomPlayer', running on localhost
# Player 2: Player-1, 'AlphaBeta', running on localhost
START Player-0 RandomPlayer
START Player-1 AlphaBeta
5 1 2 0 0
1 4 3 0 1
0 2 1 0 0
4 4 3 1 1
3 1 1 0 0
5 1 3 0 1
2 2 0 1 0
1 5 1 0 1
5 0 3 1 0
3 4 2 1 1
0 5 3 0 0
5 5 3 1 1
2 1 0 1 0
0 4 3 0 1
GAMEOVER WINNER 1
# Game ended: Tue Apr 13 13:16:04 EDT 2021
