# Server version 0.08 running on localhost:8123
# Game ID: 172
# Board class: pentago_twist.PentagoBoard
# Timeout: 20000
# First Move Timeout: 30000
# Date: Mon Apr 12 18:55:01 EDT 2021
# Player 1: Player-0, 'AlphaBeta', running on localhost
# Player 2: Player-1, 'RandomPlayer', running on localhost
START Player-0 AlphaBeta
START Player-1 RandomPlayer
1 1 2 0 0
1 0 2 1 1
4 4 3 0 0
3 1 0 0 1
1 2 3 1 0
3 0 2 1 1
5 5 3 0 0
2 2 3 1 1
0 0 3 0 0
3 0 1 1 1
3 5 0 0 0
4 2 1 1 1
4 1 1 1 0
0 3 2 1 1
5 0 1 0 0
3 3 2 1 1
0 4 2 0 0
1 0 2 1 1
GAMEOVER WINNER 1
# Game ended: Mon Apr 12 18:55:12 EDT 2021
