# Server version 0.08 running on 192.168.2.190:8123
# Game ID: 200
# Board class: pentago_twist.PentagoBoard
# Timeout: 20000
# First Move Timeout: 30000
# Date: Mon Apr 12 19:02:36 EDT 2021
# Player 1: Player-0, 'AlphaBeta', running on localhost
# Player 2: Player-1, 'RandomPlayer', running on localhost
START Player-0 AlphaBeta
START Player-1 RandomPlayer
4 4 2 0 0
1 0 3 1 1
1 1 0 0 0
1 3 1 0 1
1 2 2 0 0
5 3 0 1 1
5 1 2 0 0
3 0 2 0 1
3 5 1 0 0
1 3 0 0 1
2 2 3 0 0
4 1 0 1 1
1 4 3 0 0
4 0 0 1 1
0 0 1 1 0
4 5 2 0 1
2 0 3 0 0
GAMEOVER WINNER 0
# Game ended: Mon Apr 12 19:02:47 EDT 2021
