# Server version 0.08 running on localhost:8123
# Game ID: 19
# Board class: pentago_twist.PentagoBoard
# Timeout: 20000
# First Move Timeout: 30000
# Date: Tue Apr 13 12:59:00 EDT 2021
# Player 1: Player-0, 'RandomPlayer', running on localhost
# Player 2: Player-1, 'AlphaBeta', running on localhost
START Player-0 RandomPlayer
START Player-1 AlphaBeta
3 0 0 0 0
1 1 3 0 1
0 3 0 1 0
4 4 0 1 1
0 0 1 1 0
2 5 0 1 1
4 2 0 1 0
3 3 1 0 1
4 1 0 0 0
2 2 3 0 1
5 2 3 1 0
5 5 2 0 1
GAMEOVER WINNER 1
# Game ended: Tue Apr 13 12:59:08 EDT 2021
