# Server version 0.08 running on localhost:8123
# Game ID: 157
# Board class: pentago_twist.PentagoBoard
# Timeout: 20000
# First Move Timeout: 30000
# Date: Mon Apr 12 18:51:41 EDT 2021
# Player 1: Player-0, 'RandomPlayer', running on localhost
# Player 2: Player-1, 'AlphaBeta', running on localhost
START Player-0 RandomPlayer
START Player-1 AlphaBeta
5 0 2 1 0
4 1 2 1 1
1 0 0 0 0
1 1 1 0 1
3 5 2 0 0
2 4 3 0 1
5 2 2 0 0
1 0 2 1 1
5 3 3 1 0
1 4 1 0 1
0 2 1 0 0
1 2 3 1 1
4 3 1 1 0
2 4 1 0 1
GAMEOVER WINNER 1
# Game ended: Mon Apr 12 18:51:51 EDT 2021
