# Server version 0.08 running on localhost:8123
# Game ID: 122
# Board class: pentago_twist.PentagoBoard
# Timeout: 20000
# First Move Timeout: 30000
# Date: Tue Apr 13 11:16:05 EDT 2021
# Player 1: Player-0, 'AlphaBeta', running on localhost
# Player 2: Player-1, 'RandomPlayer', running on localhost
START Player-0 AlphaBeta
START Player-1 RandomPlayer
4 4 1 1 0
3 0 2 0 1
4 1 3 0 0
3 3 0 0 1
3 4 3 0 0
0 5 0 0 1
2 4 0 1 0
1 3 2 0 1
5 1 1 1 0
5 0 1 1 1
3 1 2 0 0
3 3 1 0 1
1 5 1 0 0
5 1 3 0 1
0 2 3 0 0
GAMEOVER WINNER 0
# Game ended: Tue Apr 13 11:16:10 EDT 2021
