# Server version 0.08 running on localhost:8123
# Game ID: 57
# Board class: pentago_twist.PentagoBoard
# Timeout: 20000
# First Move Timeout: 30000
# Date: Mon Apr 12 16:01:09 EDT 2021
# Player 1: Player-0, 'RandomPlayer', running on localhost
# Player 2: Player-1, 'AlphaBeta', running on localhost
START Player-0 RandomPlayer
START Player-1 AlphaBeta
0 5 2 1 0
1 1 3 0 1
2 0 3 1 0
4 1 3 1 1
0 4 3 0 0
0 1 1 1 1
3 4 0 0 0
3 2 2 1 1
3 1 0 0 0
4 2 2 1 1
2 5 3 0 0
4 2 2 0 1
GAMEOVER WINNER 1
# Game ended: Mon Apr 12 16:01:13 EDT 2021
