# Server version 0.08 running on localhost:8123
# Game ID: 13
# Board class: pentago_twist.PentagoBoard
# Timeout: 20000
# First Move Timeout: 30000
# Date: Tue Apr 13 14:11:22 EDT 2021
# Player 1: Player-0, 'RandomPlayer', running on localhost
# Player 2: Player-1, 'AlphaBeta', running on localhost
START Player-0 RandomPlayer
START Player-1 AlphaBeta
5 4 2 1 0
4 1 0 1 1
1 4 1 0 0
4 4 1 0 1
2 3 0 0 0
3 4 1 0 1
4 2 1 0 0
0 1 1 0 1
5 5 2 1 0
4 3 1 0 1
2 0 3 1 0
4 3 1 0 1
3 5 2 0 0
4 2 0 1 1
GAMEOVER WINNER 1
# Game ended: Tue Apr 13 14:11:31 EDT 2021
