# Server version 0.08 running on 192.168.2.190:8123
# Game ID: 131
# Board class: pentago_twist.PentagoBoard
# Timeout: 20000
# First Move Timeout: 30000
# Date: Tue Apr 13 13:42:34 EDT 2021
# Player 1: Player-0, 'RandomPlayer', running on localhost
# Player 2: Player-1, 'AlphaBeta', running on localhost
START Player-0 RandomPlayer
START Player-1 AlphaBeta
2 2 3 0 0
1 4 1 0 1
4 2 1 1 0
4 1 2 0 1
5 2 3 0 0
4 4 2 0 1
4 5 2 0 0
4 0 0 0 1
3 2 0 0 0
5 4 2 0 1
5 0 2 0 0
4 0 3 0 1
GAMEOVER WINNER 1
# Game ended: Tue Apr 13 13:42:40 EDT 2021
