# Server version 0.08 running on localhost:8123
# Game ID: 10
# Board class: pentago_twist.PentagoBoard
# Timeout: 20000
# First Move Timeout: 30000
# Date: Tue Apr 13 21:04:53 EDT 2021
# Player 1: Player-0, '260807622', running on localhost
# Player 2: Player-1, 'RandomPlayer', running on localhost
START Player-0 260807622
START Player-1 RandomPlayer
1 1 3 1 0
5 4 1 0 1
1 4 0 1 0
1 0 2 1 1
1 3 2 1 0
5 2 2 1 1
4 4 0 1 0
2 2 3 0 1
4 0 0 0 0
5 3 3 1 1
3 1 3 1 0
0 5 1 0 1
5 4 0 1 0
0 1 3 1 1
3 4 1 0 0
2 5 1 0 1
GAMEOVER WINNER 0
# Game ended: Tue Apr 13 21:05:04 EDT 2021
