# Server version 0.08 running on localhost:8123
# Game ID: 183
# Board class: pentago_twist.PentagoBoard
# Timeout: 20000
# First Move Timeout: 30000
# Date: Mon Apr 12 18:58:17 EDT 2021
# Player 1: Player-0, 'RandomPlayer', running on localhost
# Player 2: Player-1, 'AlphaBeta', running on localhost
START Player-0 RandomPlayer
START Player-1 AlphaBeta
1 2 3 1 0
4 1 2 0 1
3 0 0 0 0
1 4 2 0 1
0 0 0 0 0
5 0 0 1 1
1 5 1 0 0
1 5 1 1 1
3 1 2 1 0
3 2 1 0 1
4 4 2 1 0
4 0 2 0 1
3 3 1 0 0
3 5 0 1 1
4 5 3 0 0
3 3 1 0 1
2 5 0 0 0
0 0 0 1 1
5 3 0 0 0
3 4 0 1 1
GAMEOVER WINNER 1
# Game ended: Mon Apr 12 18:58:32 EDT 2021
