# Server version 0.08 running on localhost:8123
# Game ID: 189
# Board class: pentago_twist.PentagoBoard
# Timeout: 20000
# First Move Timeout: 30000
# Date: Tue Apr 13 11:29:19 EDT 2021
# Player 1: Player-0, 'RandomPlayer', running on localhost
# Player 2: Player-1, 'AlphaBeta', running on localhost
START Player-0 RandomPlayer
START Player-1 AlphaBeta
2 2 0 1 0
1 1 3 1 1
5 2 0 0 0
1 4 2 1 1
2 2 0 1 0
5 3 3 0 1
4 0 2 0 0
0 5 0 1 1
3 2 2 1 0
5 0 2 0 1
2 1 1 0 0
0 3 0 0 1
4 1 3 0 0
5 5 3 0 1
2 3 0 1 0
GAMEOVER WINNER 0
# Game ended: Tue Apr 13 11:29:27 EDT 2021
