# Server version 0.08 running on localhost:8123
# Game ID: 18
# Board class: pentago_twist.PentagoBoard
# Timeout: 20000
# First Move Timeout: 30000
# Date: Tue Apr 13 21:07:27 EDT 2021
# Player 1: Player-0, '260807622', running on localhost
# Player 2: Player-1, 'RandomPlayer', running on localhost
START Player-0 260807622
START Player-1 RandomPlayer
4 1 2 0 0
4 0 0 1 1
1 4 3 0 0
5 4 0 0 1
1 3 0 1 0
5 3 3 1 1
2 5 2 0 0
4 2 0 1 1
5 2 2 1 0
4 4 1 0 1
1 3 0 1 0
3 0 1 1 1
1 0 3 0 0
1 1 1 1 1
0 1 3 0 0
1 2 0 0 1
3 2 2 0 0
4 0 1 1 1
4 3 2 1 0
5 1 2 0 1
1 0 0 1 0
3 5 1 1 1
GAMEOVER WINNER 1
# Game ended: Tue Apr 13 21:07:39 EDT 2021
